<?xml version="1.0" encoding="UTF-8"?>
<!-- Generated by org.testng.reporters.JUnitReportReporter -->
<testsuite hostname="DESKTOP-L5GVAI8" failures="0" tests="1" name="GoPadelLoginTest.GoPadelLoginTest" time="125.351" errors="0" timestamp="2022-03-28T17:28:13 IST" skipped="0">
  <testcase classname="GoPadelLoginTest.GoPadelLoginTest" name="loginTest" time="125.351"/>
  <system-out/>
</testsuite> <!-- GoPadelLoginTest.GoPadelLoginTest -->
